<?xml version="1.0" encoding="UTF-8"?>
<testsuite xmlns:xsi="http://www.w3.org/2001/XMLSchema-instance" xsi:noNamespaceSchemaLocation="https://maven.apache.org/surefire/maven-surefire-plugin/xsd/surefire-test-report-3.0.xsd" version="3.0" name="util.DaoTest" time="0.398" tests="1" errors="0" skipped="0" failures="0">
  <properties>
[...]
</properties>
  <testcase name="testListar" classname="util.DaoTest" time="0.37">
    <system-out><![CDATA[lary amor 123
Luan meu amô ASDF
]]></system-out>
    <system-err><![CDATA[nov. 23, 2024 3:13:35 PM com.mongodb.internal.diagnostics.logging.Loggers shouldUseSLF4J
WARNING: SLF4J not found on the classpath.  Logging is disabled for the 'org.mongodb.driver' component
nov. 23, 2024 3:13:35 PM org.bson.diagnostics.Loggers shouldUseSLF4J
WARNING: SLF4J not found on the classpath. Logging is disabled for the 'org.bson' component
]]></system-err>
  </testcase>
</testsuite>